# JRE version: Java(TM) SE Runtime Environment (7.0_80-b15) (build 1.7.0_80-b15)
# Java VM: Java HotSpot(TM) 64-Bit Server VM (24.80-b11 mixed mode linux-amd64 compressed oops)
Heap
 PSYoungGen      total 9216K, used 2744K [0x00000000f5f00000, 0x00000000f6900000, 0x0000000100000000)
  eden space 8192K, 21% used [0x00000000f5f00000,0x00000000f60b1820,0x00000000f6700000)
  from space 1024K, 98% used [0x00000000f6800000,0x00000000f68fc820,0x00000000f6900000)
  to   space 1024K, 0% used [0x00000000f6700000,0x00000000f6700000,0x00000000f6800000)
 ParOldGen       total 20480K, used 2467K [0x00000000e1e00000, 0x00000000e3200000, 0x00000000f5f00000)
  object space 20480K, 12% used [0x00000000e1e00000,0x00000000e2068f18,0x00000000e3200000)
 PSPermGen       total 21504K, used 15282K [0x00000000dcc00000, 0x00000000de100000, 0x00000000e1e00000)
  object space 21504K, 71% used [0x00000000dcc00000,0x00000000ddaec918,0x00000000de100000)
GC Heap History (4 events):
Event: 3.784 GC heap before
{Heap before GC invocations=1 (full 0):
 PSYoungGen      total 9216K, used 8192K [0x00000000f5f00000, 0x00000000f6900000, 0x0000000100000000)
  eden space 8192K, 100% used [0x00000000f5f00000,0x00000000f6700000,0x00000000f6700000)
  from space 1024K, 0% used [0x00000000f6800000,0x00000000f6800000,0x00000000f6900000)
  to   space 1024K, 0% used [0x00000000f6700000,0x00000000f6700000,0x00000000f6800000)
 ParOldGen       total 20480K, used 0K [0x00000000e1e00000, 0x00000000e3200000, 0x00000000f5f00000)
  object space 20480K, 0% used [0x00000000e1e00000,0x00000000e1e00000,0x00000000e3200000)
 PSPermGen       total 21504K, used 12674K [0x00000000dcc00000, 0x00000000de100000, 0x00000000e1e00000)
  object space 21504K, 58% used [0x00000000dcc00000,0x00000000dd860878,0x00000000de100000)
Event: 3.801 GC heap after
Heap after GC invocations=1 (full 0):
 PSYoungGen      total 9216K, used 1010K [0x00000000f5f00000, 0x00000000f6900000, 0x0000000100000000)
  eden space 8192K, 0% used [0x00000000f5f00000,0x00000000f5f00000,0x00000000f6700000)
  from space 1024K, 98% used [0x00000000f6700000,0x00000000f67fc840,0x00000000f6800000)
  to   space 1024K, 0% used [0x00000000f6800000,0x00000000f6800000,0x00000000f6900000)
 ParOldGen       total 20480K, used 1341K [0x00000000e1e00000, 0x00000000e3200000, 0x00000000f5f00000)
  object space 20480K, 6% used [0x00000000e1e00000,0x00000000e1f4f4b8,0x00000000e3200000)
 PSPermGen       total 21504K, used 12674K [0x00000000dcc00000, 0x00000000de100000, 0x00000000e1e00000)
  object space 21504K, 58% used [0x00000000dcc00000,0x00000000dd860878,0x00000000de100000)
}
Event: 5.045 GC heap before
{Heap before GC invocations=2 (full 0):
 PSYoungGen      total 9216K, used 9202K [0x00000000f5f00000, 0x00000000f6900000, 0x0000000100000000)
  eden space 8192K, 100% used [0x00000000f5f00000,0x00000000f6700000,0x00000000f6700000)
  from space 1024K, 98% used [0x00000000f6700000,0x00000000f67fc840,0x00000000f6800000)
  to   space 1024K, 0% used [0x00000000f6800000,0x00000000f6800000,0x00000000f6900000)
 ParOldGen       total 20480K, used 1341K [0x00000000e1e00000, 0x00000000e3200000, 0x00000000f5f00000)
  object space 20480K, 6% used [0x00000000e1e00000,0x00000000e1f4f4b8,0x00000000e3200000)
 PSPermGen       total 21504K, used 15042K [0x00000000dcc00000, 0x00000000de100000, 0x00000000e1e00000)
  object space 21504K, 69% used [0x00000000dcc00000,0x00000000ddab0b90,0x00000000de100000)
Event: 5.056 GC heap after
Heap after GC invocations=2 (full 0):
 PSYoungGen      total 9216K, used 1010K [0x00000000f5f00000, 0x00000000f6900000, 0x0000000100000000)
  eden space 8192K, 0% used [0x00000000f5f00000,0x00000000f5f00000,0x00000000f6700000)
  from space 1024K, 98% used [0x00000000f6800000,0x00000000f68fc820,0x00000000f6900000)
  to   space 1024K, 0% used [0x00000000f6700000,0x00000000f6700000,0x00000000f6800000)
 ParOldGen       total 20480K, used 2467K [0x00000000e1e00000, 0x00000000e3200000, 0x00000000f5f00000)
  object space 20480K, 12% used [0x00000000e1e00000,0x00000000e2068f18,0x00000000e3200000)
 PSPermGen       total 21504K, used 15042K [0x00000000dcc00000, 0x00000000de100000, 0x00000000e1e00000)
  object space 21504K, 69% used [0x00000000dcc00000,0x00000000ddab0b90,0x00000000de100000)
}

